0 info it worked if it ends with ok
1 verbose cli [ 'C:\\nodejs\\\\node.exe',
1 verbose cli   'C:\\nodejs\\node_modules\\npm\\bin\\npm-cli.js',
1 verbose cli   'install' ]
2 info using npm@1.4.28
3 info using node@v0.10.35
4 verbose node symlink C:\nodejs\\node.exe
5 error install Couldn't read dependencies
6 error Error: Invalid version: "1.0"
6 error     at Object.module.exports.fixVersionField (C:\nodejs\node_modules\npm\node_modules\read-package-json\node_modules\normalize-package-data\lib\fixer.js:183:13)
6 error     at C:\nodejs\node_modules\npm\node_modules\read-package-json\node_modules\normalize-package-data\lib\normalize.js:30:38
6 error     at Array.forEach (native)
6 error     at normalize (C:\nodejs\node_modules\npm\node_modules\read-package-json\node_modules\normalize-package-data\lib\normalize.js:29:15)
6 error     at final (C:\nodejs\node_modules\npm\node_modules\read-package-json\read-json.js:342:33)
6 error     at then (C:\nodejs\node_modules\npm\node_modules\read-package-json\read-json.js:126:33)
6 error     at C:\nodejs\node_modules\npm\node_modules\read-package-json\read-json.js:331:40
6 error     at evalmachine.<anonymous>:272:14
6 error     at C:\nodejs\node_modules\npm\node_modules\graceful-fs\graceful-fs.js:102:5
6 error     at Object.oncomplete (evalmachine.<anonymous>:108:15)
7 error If you need help, you may report this *entire* log,
7 error including the npm and node versions, at:
7 error     <http://github.com/npm/npm/issues>
8 error System Windows_NT 6.2.9200
9 error command "C:\\nodejs\\\\node.exe" "C:\\nodejs\\node_modules\\npm\\bin\\npm-cli.js" "install"
10 error cwd C:\Users\user\PhpstormProjects\TheChuckalizer
11 error node -v v0.10.35
12 error npm -v 1.4.28
13 verbose exit [ 1, true ]
